# JRE version: OpenJDK Runtime Environment (8.0_222-b10) (build 1.8.0_222-b10)
# Java VM: OpenJDK 64-Bit Server VM (25.222-b10 mixed mode windows-amd64 compressed oops)
Heap:
 garbage-first heap   total 260096K, used 112351K [0x00000000c0000000, 0x00000000c01007f0, 0x0000000100000000)
  region size 1024K, 1 young (1024K), 1 survivors (1024K)
 Metaspace       used 48129K, capacity 51100K, committed 51456K, reserved 1095680K
  class space    used 4937K, capacity 5782K, committed 5888K, reserved 1048576K
GC Heap History (10 events):
Event: 65.307 GC heap after
Heap after GC invocations=55 (full 0):
 garbage-first heap   total 130048K, used 104292K [0x00000000c0000000, 0x00000000c01003f8, 0x0000000100000000)
  region size 1024K, 2 young (2048K), 2 survivors (2048K)
 Metaspace       used 48127K, capacity 51100K, committed 51456K, reserved 1095680K
  class space    used 4937K, capacity 5782K, committed 5888K, reserved 1048576K
}
Event: 65.574 GC heap before
{Heap before GC invocations=55 (full 0):
 garbage-first heap   total 130048K, used 115236K [0x00000000c0000000, 0x00000000c01003f8, 0x0000000100000000)
  region size 1024K, 11 young (11264K), 2 survivors (2048K)
 Metaspace       used 48129K, capacity 51100K, committed 51456K, reserved 1095680K
  class space    used 4937K, capacity 5782K, committed 5888K, reserved 1048576K
Event: 65.603 GC heap after
Heap after GC invocations=56 (full 0):
 garbage-first heap   total 130048K, used 105869K [0x00000000c0000000, 0x00000000c01003f8, 0x0000000100000000)
  region size 1024K, 2 young (2048K), 2 survivors (2048K)
 Metaspace       used 48129K, capacity 51100K, committed 51456K, reserved 1095680K
  class space    used 4937K, capacity 5782K, committed 5888K, reserved 1048576K
}
Event: 65.666 GC heap before
{Heap before GC invocations=56 (full 0):
 garbage-first heap   total 130048K, used 113037K [0x00000000c0000000, 0x00000000c01003f8, 0x0000000100000000)
  region size 1024K, 9 young (9216K), 2 survivors (2048K)
 Metaspace       used 48129K, capacity 51100K, committed 51456K, reserved 1095680K
  class space    used 4937K, capacity 5782K, committed 5888K, reserved 1048576K
Event: 65.687 GC heap after
Heap after GC invocations=57 (full 0):
 garbage-first heap   total 130048K, used 107071K [0x00000000c0000000, 0x00000000c01003f8, 0x0000000100000000)
  region size 1024K, 2 young (2048K), 2 survivors (2048K)
 Metaspace       used 48129K, capacity 51100K, committed 51456K, reserved 1095680K
  class space    used 4937K, capacity 5782K, committed 5888K, reserved 1048576K
}
Event: 65.749 GC heap before
{Heap before GC invocations=57 (full 0):
 garbage-first heap   total 130048K, used 113215K [0x00000000c0000000, 0x00000000c01003f8, 0x0000000100000000)
  region size 1024K, 8 young (8192K), 2 survivors (2048K)
 Metaspace       used 48129K, capacity 51100K, committed 51456K, reserved 1095680K
  class space    used 4937K, capacity 5782K, committed 5888K, reserved 1048576K
Event: 65.772 GC heap after
Heap after GC invocations=58 (full 0):
 garbage-first heap   total 130048K, used 108462K [0x00000000c0000000, 0x00000000c01003f8, 0x0000000100000000)
  region size 1024K, 1 young (1024K), 1 survivors (1024K)
 Metaspace       used 48129K, capacity 51100K, committed 51456K, reserved 1095680K
  class space    used 4937K, capacity 5782K, committed 5888K, reserved 1048576K
}
Event: 65.829 GC heap before
{Heap before GC invocations=58 (full 0):
 garbage-first heap   total 130048K, used 114606K [0x00000000c0000000, 0x00000000c01003f8, 0x0000000100000000)
  region size 1024K, 7 young (7168K), 1 survivors (1024K)
 Metaspace       used 48129K, capacity 51100K, committed 51456K, reserved 1095680K
  class space    used 4937K, capacity 5782K, committed 5888K, reserved 1048576K
Event: 65.849 GC heap after
Heap after GC invocations=59 (full 0):
 garbage-first heap   total 130048K, used 110997K [0x00000000c0000000, 0x00000000c01003f8, 0x0000000100000000)
  region size 1024K, 1 young (1024K), 1 survivors (1024K)
 Metaspace       used 48129K, capacity 51100K, committed 51456K, reserved 1095680K
  class space    used 4937K, capacity 5782K, committed 5888K, reserved 1048576K
}
Event: 66.081 GC heap before
{Heap before GC invocations=60 (full 0):
 garbage-first heap   total 130048K, used 116117K [0x00000000c0000000, 0x00000000c01003f8, 0x0000000100000000)
  region size 1024K, 6 young (6144K), 1 survivors (1024K)
 Metaspace       used 48129K, capacity 51100K, committed 51456K, reserved 1095680K
  class space    used 4937K, capacity 5782K, committed 5888K, reserved 1048576K

